<?xml version="1.0" encoding="UTF-8" ?>
<testsuite tests="8" failures="0" name="fr.adaming.testDao.EtudiantDaoImplTest" time="0.525" errors="0" skipped="0">
  <properties>
    <property name="PROCESSOR_ARCHITECTURE" value="AMD64"/>
    <property name="file.encoding.pkg" value="sun.io"/>
    <property name="LOGONSERVER" value="\\DESKTOP-TF9OGSQ"/>
    <property name="ProgramData" value="C:\ProgramData"/>
    <property name="java.home" value="C:\Program Files\Java\jdk1.8.0_131\jre"/>
    <property name="TITLE" value="Tomcat"/>
    <property name="NODE_NAME" value="master"/>
    <property name="CATALINA_HOME" value="C:\Users\inti0253\Desktop\Formations\Sesstion_Toulouse\tools\apache-tomcat-8.0.50"/>
    <property name="ALLUSERSPROFILE" value="C:\ProgramData"/>
    <property name="java.endorsed.dirs" value="C:\Program Files\Java\jdk1.8.0_131\jre\lib\endorsed"/>
    <property name="PSModulePath" value="C:\Program Files\WindowsPowerShell\Modules;C:\WINDOWS\system32\WindowsPowerShell\v1.0\Modules"/>
    <property name="=::" value="::\"/>
    <property name="USERDOMAIN" value="DESKTOP-TF9OGSQ"/>
    <property name="sun.os.patch.level" value=""/>
    <property name="java.vendor.url" value="http://java.oracle.com/"/>
    <property name="JAVA_OPTS" value=" &quot;-Djdk.tls.ephemeralDHKeySize=2048&quot; -Djava.protocol.handler.pkgs=org.apache.catalina.webresources"/>
    <property name="CommonProgramFiles(x86)" value="C:\Program Files (x86)\Common Files"/>
    <property name="java.version" value="1.8.0_131"/>
    <property name="JOB_NAME" value="JenkinsIntro"/>
    <property name="COMPUTERNAME" value="DESKTOP-TF9OGSQ"/>
    <property name="EXECUTABLE" value="C:\Users\inti0253\Desktop\Formations\Sesstion_Toulouse\tools\apache-tomcat-8.0.50\bin\catalina.bat"/>
    <property name="java.vendor.url.bug" value="http://bugreport.sun.com/bugreport/"/>
    <property name="PUBLIC" value="C:\Users\Public"/>
    <property name="user.name" value="inti0253"/>
    <property name="sun.io.unicode.encoding" value="UnicodeLittle"/>
    <property name="sun.jnu.encoding" value="Cp1252"/>
    <property name="java.runtime.name" value="Java(TM) SE Runtime Environment"/>
    <property name="windir" value="C:\WINDOWS"/>
    <property name="PROCESSOR_IDENTIFIER" value="Intel64 Family 6 Model 60 Stepping 3, GenuineIntel"/>
    <property name="java.specification.name" value="Java Platform API Specification"/>
    <property name="LOCALAPPDATA" value="C:\Users\inti0253\AppData\Local"/>
    <property name="RUN_CHANGES_DISPLAY_URL" value="http://unconfigured-jenkins-location/job/JenkinsIntro/4/display/redirect?page=changes"/>
    <property name="user.timezone" value="Europe/Paris"/>
    <property name="user.script" value=""/>
    <property name="path.separator" value=";"/>
    <property name="NUMBER_OF_PROCESSORS" value="8"/>
    <property name="BUILD_TAG" value="jenkins-JenkinsIntro-4"/>
    <property name="file.encoding" value="Cp1252"/>
    <property name="sun.java.command" value="jenkins.maven3.agent.Maven35Main C:\Users\inti0253\Desktop\Formations\Sesstion_Toulouse\tools\apache-maven-3.5.3 C:\Users\inti0253\Desktop\Formations\Sesstion_Toulouse\tools\apache-tomcat-8.0.50\webapps\jenkins\WEB-INF\lib\remoting-3.29.jar C:\Users\inti0253\.jenkins\plugins\maven-plugin\WEB-INF\lib\maven35-interceptor-1.13.jar C:\Users\inti0253\.jenkins\plugins\maven-plugin\WEB-INF\lib\maven3-interceptor-commons-1.13.jar 50760"/>
    <property name="JENKINS_SERVER_COOKIE" value="6b843d26788af850"/>
    <property name="EXECUTOR_NUMBER" value="0"/>
    <property name="Path" value="C:\Program Files\Java\jdk1.8.0_131/bin;C:\ProgramData\Oracle\Java\javapath;C:\WINDOWS\system32;C:\WINDOWS;C:\WINDOWS\System32\Wbem;C:\WINDOWS\System32\WindowsPowerShell\v1.0\;C:\Program Files\Java\jdk1.8.0_131\bin;C:\Program Files\MySQL\MySQL Utilities 1.6\;C:\WINDOWS\System32\OpenSSH\;C:\Users\inti0253\Desktop\Formations\Session Nantes\Tools\apache-maven-3.3.9\bin;C:\Program Files\nodejs\;C:\Users\inti0253\AppData\Local\Microsoft\WindowsApps;C:\Users\inti0253\AppData\Local\atom\bin;C:\Users\inti0253\AppData\Local\Microsoft\WindowsApps;C:\Users\inti0253\AppData\Roaming\npm;C:\Users\inti0253\AppData\Local\Programs\Microsoft VS Code\bin;"/>
    <property name="java.io.tmpdir" value="C:\Users\inti0253\AppData\Local\Temp\"/>
    <property name="APPDATA" value="C:\Users\inti0253\AppData\Roaming"/>
    <property name="user.language" value="fr"/>
    <property name="CATALINA_TMPDIR" value="C:\Users\inti0253\Desktop\Formations\Sesstion_Toulouse\tools\apache-tomcat-8.0.50\temp"/>
    <property name="line.separator" value="
"/>
    <property name="ACTION" value="start"/>
    <property name="M2_HOME" value="C:\Users\inti0253\Desktop\Formations\Sesstion_Toulouse\tools\apache-maven-3.5.3"/>
    <property name="=C:" value="C:\Users\inti0253\Desktop\Formations\Sesstion_Toulouse\tools\apache-tomcat-8.0.50\bin"/>
    <property name="java.vm.info" value="mixed mode"/>
    <property name="DriverData" value="C:\Windows\System32\Drivers\DriverData"/>
    <property name="sun.desktop" value="windows"/>
    <property name="java.vm.specification.name" value="Java Virtual Machine Specification"/>
    <property name="BUILD_DISPLAY_NAME" value="#4"/>
    <property name="OS" value="Windows_NT"/>
    <property name="guice.disable.misplaced.annotation.check" value="true"/>
    <property name="CATALINA_BASE" value="C:\Users\inti0253\Desktop\Formations\Sesstion_Toulouse\tools\apache-tomcat-8.0.50"/>
    <property name="HUDSON_SERVER_COOKIE" value="6b843d26788af850"/>
    <property name="JRE_HOME" value="C:\Program Files\Java\jdk1.8.0_131"/>
    <property name="_EXECJAVA" value="start &quot;Tomcat&quot; &quot;C:\Program Files\Java\jdk1.8.0_131\bin\java.exe&quot;"/>
    <property name="_RUNJAVA" value="&quot;C:\Program Files\Java\jdk1.8.0_131\bin\java.exe&quot;"/>
    <property name="MAVEN_HOME" value="C:\Users\inti0253\Desktop\Formations\Sesstion_Toulouse\tools\apache-maven-3.5.3"/>
    <property name="SESSIONNAME" value="Console"/>
    <property name="PATHEXT" value=".COM;.EXE;.BAT;.CMD;.VBS;.VBE;.JS;.JSE;.WSF;.WSH;.MSC"/>
    <property name="java.awt.printerjob" value="sun.awt.windows.WPrinterJob"/>
    <property name="maven3.interceptor.common" value="C:\Users\inti0253\.jenkins\plugins\maven-plugin\WEB-INF\lib\maven3-interceptor-commons-1.13.jar"/>
    <property name="CLASSPATH" value=""/>
    <property name="LOGGING_CONFIG" value="-Djava.util.logging.config.file=&quot;C:\Users\inti0253\Desktop\Formations\Sesstion_Toulouse\tools\apache-tomcat-8.0.50\conf\logging.properties&quot;"/>
    <property name="HOMEPATH" value="\Users\inti0253"/>
    <property name="os.name" value="Windows 10"/>
    <property name="java.specification.vendor" value="Oracle Corporation"/>
    <property name="java.vm.name" value="Java HotSpot(TM) 64-Bit Server VM"/>
    <property name="BUILD_NUMBER" value="4"/>
    <property name="maven3.interceptor" value="C:\Users\inti0253\.jenkins\plugins\maven-plugin\WEB-INF\lib\maven35-interceptor-1.13.jar"/>
    <property name="java.library.path" value="C:\Program Files\Java\jdk1.8.0_131\bin;C:\WINDOWS\Sun\Java\bin;C:\WINDOWS\system32;C:\WINDOWS;C:\Users\inti0253\Desktop\Formations\Sesstion_Toulouse\tools\apache-maven-3.5.3/bin;C:\Program Files\Java\jdk1.8.0_131/bin;C:\Program Files\Java\jdk1.8.0_131/bin;C:\ProgramData\Oracle\Java\javapath;C:\WINDOWS\system32;C:\WINDOWS;C:\WINDOWS\System32\Wbem;C:\WINDOWS\System32\WindowsPowerShell\v1.0\;C:\Program Files\Java\jdk1.8.0_131\bin;C:\Program Files\MySQL\MySQL Utilities 1.6\;C:\WINDOWS\System32\OpenSSH\;C:\Users\inti0253\Desktop\Formations\Session Nantes\Tools\apache-maven-3.3.9\bin;C:\Program Files\nodejs\;C:\Users\inti0253\AppData\Local\Microsoft\WindowsApps;C:\Users\inti0253\AppData\Local\atom\bin;C:\Users\inti0253\AppData\Local\Microsoft\WindowsApps;C:\Users\inti0253\AppData\Roaming\npm;C:\Users\inti0253\AppData\Local\Programs\Microsoft VS Code\bin;;."/>
    <property name="HOMEDRIVE" value="C:"/>
    <property name="java.class.version" value="52.0"/>
    <property name="JSSE_OPTS" value="&quot;-Djdk.tls.ephemeralDHKeySize=2048&quot;"/>
    <property name="LOGGING_MANAGER" value="-Djava.util.logging.manager=org.apache.juli.ClassLoaderLogManager"/>
    <property name="_RUNJDB" value="&quot;C:\Program Files\Java\jdk1.8.0_131\bin\jdb.exe&quot;"/>
    <property name="OneDrive" value="C:\Users\inti0253\OneDrive"/>
    <property name="RUN_DISPLAY_URL" value="http://unconfigured-jenkins-location/job/JenkinsIntro/4/display/redirect"/>
    <property name="MAINCLASS" value="org.apache.catalina.startup.Bootstrap"/>
    <property name="JENKINS_HOME" value="C:\Users\inti0253\.jenkins"/>
    <property name="BUILD_ID" value="4"/>
    <property name="TEMP" value="C:\Users\inti0253\AppData\Local\Temp"/>
    <property name="sun.boot.library.path" value="C:\Program Files\Java\jdk1.8.0_131\jre\bin"/>
    <property name="M2" value="C:\Users\inti0253\Desktop\Formations\Session Nantes\Tools\apache-maven-3.3.9\bin"/>
    <property name="JDK_JAVA_OPTIONS" value=" --add-opens=java.base/java.lang=ALL-UNNAMED --add-opens=java.rmi/sun.rmi.transport=ALL-UNNAMED"/>
    <property name="sun.management.compiler" value="HotSpot 64-Bit Tiered Compilers"/>
    <property name="java.awt.graphicsenv" value="sun.awt.Win32GraphicsEnvironment"/>
    <property name="user.variant" value=""/>
    <property name="PROCESSOR_REVISION" value="3c03"/>
    <property name="HUDSON_HOME" value="C:\Users\inti0253\.jenkins"/>
    <property name="ProgramFiles(x86)" value="C:\Program Files (x86)"/>
    <property name="PATH+MAVEN" value="C:\Users\inti0253\Desktop\Formations\Sesstion_Toulouse\tools\apache-maven-3.5.3/bin"/>
    <property name="MOZ_PLUGIN_PATH" value="C:\Program Files (x86)\Foxit Software\Foxit Reader\plugins\"/>
    <property name="USERDOMAIN_ROAMINGPROFILE" value="DESKTOP-TF9OGSQ"/>
    <property name="PROMPT" value="$P$G"/>
    <property name="CURRENT_DIR" value="C:\Users\inti0253\Desktop\Formations\Sesstion_Toulouse\tools\apache-tomcat-8.0.50\bin"/>
    <property name="java.vm.specification.version" value="1.8"/>
    <property name="JAVA_HOME" value="C:\Program Files\Java\jdk1.8.0_131"/>
    <property name="awt.toolkit" value="sun.awt.windows.WToolkit"/>
    <property name="NODE_LABELS" value="master"/>
    <property name="sun.cpu.isalist" value="amd64"/>
    <property name="USERPROFILE" value="C:\Users\inti0253"/>
    <property name="JOB_DISPLAY_URL" value="http://unconfigured-jenkins-location/job/JenkinsIntro/display/redirect"/>
    <property name="java.ext.dirs" value="C:\Program Files\Java\jdk1.8.0_131\jre\lib\ext;C:\WINDOWS\Sun\Java\lib\ext"/>
    <property name="os.version" value="10.0"/>
    <property name="user.home" value="C:\Users\inti0253"/>
    <property name="USERNAME" value="inti0253"/>
    <property name="java.vm.vendor" value="Oracle Corporation"/>
    <property name="PROCESSOR_LEVEL" value="6"/>
    <property name="CommonProgramW6432" value="C:\Program Files\Common Files"/>
    <property name="user.dir" value="C:\Users\inti0253\Desktop\Formations\FormationBordeauxOctobre2019\Workspaces\06_workspaceSpring\10_SpringMVC_IoC_Hibernate"/>
    <property name="maven.conf" value="C:\Users\inti0253\Desktop\Formations\Sesstion_Toulouse\tools\apache-maven-3.5.3\conf"/>
    <property name="ProgramW6432" value="C:\Program Files"/>
    <property name="TMP" value="C:\Users\inti0253\AppData\Local\Temp"/>
    <property name="sun.cpu.endian" value="little"/>
    <property name="SystemDrive" value="C:"/>
    <property name="java.vm.version" value="25.131-b11"/>
    <property name="java.class.path" value="C:\Users\inti0253\.jenkins\plugins\maven-plugin\WEB-INF\lib\maven35-agent-1.13.jar;C:\Users\inti0253\Desktop\Formations\Sesstion_Toulouse\tools\apache-maven-3.5.3\boot\plexus-classworlds-2.5.2.jar;C:\Users\inti0253\Desktop\Formations\Sesstion_Toulouse\tools\apache-maven-3.5.3/conf/logging"/>
    <property name="org.slf4j.simpleLogger.defaultLogLevel" value="info"/>
    <property name="os.arch" value="amd64"/>
    <property name="WORKSPACE" value="C:\Users\inti0253\Desktop\Formations\FormationBordeauxOctobre2019\Workspaces\06_workspaceSpring\10_SpringMVC_IoC_Hibernate"/>
    <property name="ComSpec" value="C:\WINDOWS\system32\cmd.exe"/>
    <property name="sun.java.launcher" value="SUN_STANDARD"/>
    <property name="FPS_BROWSER_APP_PROFILE_STRING" value="Internet Explorer"/>
    <property name="SystemRoot" value="C:\WINDOWS"/>
    <property name="CommonProgramFiles" value="C:\Program Files\Common Files"/>
    <property name="java.vm.specification.vendor" value="Oracle Corporation"/>
    <property name="FPS_BROWSER_USER_PROFILE_STRING" value="Default"/>
    <property name="file.separator" value="\"/>
    <property name="java.runtime.version" value="1.8.0_131-b11"/>
    <property name="ProgramFiles" value="C:\Program Files"/>
    <property name="sun.boot.class.path" value="C:\Program Files\Java\jdk1.8.0_131\jre\lib\resources.jar;C:\Program Files\Java\jdk1.8.0_131\jre\lib\rt.jar;C:\Program Files\Java\jdk1.8.0_131\jre\lib\sunrsasign.jar;C:\Program Files\Java\jdk1.8.0_131\jre\lib\jsse.jar;C:\Program Files\Java\jdk1.8.0_131\jre\lib\jce.jar;C:\Program Files\Java\jdk1.8.0_131\jre\lib\charsets.jar;C:\Program Files\Java\jdk1.8.0_131\jre\lib\jfr.jar;C:\Program Files\Java\jdk1.8.0_131\jre\classes"/>
    <property name="PATH+JDK" value="C:\Program Files\Java\jdk1.8.0_131/bin"/>
    <property name="user.country" value="FR"/>
    <property name="maven.home" value="C:\Users\inti0253\Desktop\Formations\Sesstion_Toulouse\tools\apache-maven-3.5.3"/>
    <property name="ENDORSED_PROP" value="ignore.endorsed.dirs"/>
    <property name="JOB_BASE_NAME" value="JenkinsIntro"/>
    <property name="java.vendor" value="Oracle Corporation"/>
    <property name="java.specification.version" value="1.8"/>
    <property name="sun.arch.data.model" value="64"/>
  </properties>
  <testcase classname="fr.adaming.testDao.EtudiantDaoImplTest" name="testUpdateEtudiant" time="0.102"/>
  <testcase classname="fr.adaming.testDao.EtudiantDaoImplTest" name="testGetEtudiantById" time="0.046"/>
  <testcase classname="fr.adaming.testDao.EtudiantDaoImplTest" name="testGetAllEtudiantSize" time="0.103"/>
  <testcase classname="fr.adaming.testDao.EtudiantDaoImplTest" name="testGetAllEtudiantsNom" time="0.011"/>
  <testcase classname="fr.adaming.testDao.EtudiantDaoImplTest" name="testDeleteEtudiant" time="0.16"/>
  <testcase classname="fr.adaming.testDao.EtudiantDaoImplTest" name="testAddEtudiantNom" time="0.073"/>
  <testcase classname="fr.adaming.testDao.EtudiantDaoImplTest" name="testGetEtudiantByIdNom" time="0.011"/>
  <testcase classname="fr.adaming.testDao.EtudiantDaoImplTest" name="testAddEtudiant" time="0.019"/>
</testsuite>